<?xml version="1.0" encoding="UTF-8"?>
<!-- Generated by org.testng.reporters.JUnitXMLReporter -->
<testsuite hostname="LAPTOP-7HUNRUID" ignored="0" name="Surefire test" tests="2" failures="0" timestamp="17 Apr 2020 13:09:52 GMT" time="186.35" errors="0">
  <testcase name="verifyThatSameDestinationFlightsInSearchFields" time="77.269" classname="co.uk.expedia.testsuite.FlightTest"/>
  <testcase name="verifyErrorMessageIsDisplayed" time="46.802" classname="co.uk.expedia.testsuite.LoginTest"/>
</testsuite> <!-- Surefire test -->
